<?xml version="1.0" encoding="utf-8"?><testsuites name="pytest tests"><testsuite name="pytest" errors="0" failures="1" skipped="0" tests="23" time="1.062" timestamp="2025-12-02T09:36:31.056045+02:00" hostname="administrators-Mac-mini.local"><testcase classname="tests.test_file_module" name="test_get_n_random_words" file="tests/test_file_module.py" line="5" time="0.007" /><testcase classname="tests.test_file_module" name="test_get_n_random_words_raise_value_error" file="tests/test_file_module.py" line="13" time="0.003" /><testcase classname="tests.test_file_module" name="test_get_n_random_words_expect_print_outputs" file="tests/test_file_module.py" line="22" time="0.009" /><testcase classname="tests.test_main" name="test_always_failed_for_ci_demo" file="tests/test_main.py" line="7" time="0.011"><failure message="AssertionError: Цей тест завжди падає для демонстрації CI&#10;assert False">def test_always_failed_for_ci_demo():
        # Цей тест завжди падає для демонстрації CI
&gt;       assert False, "Цей тест завжди падає для демонстрації CI"
E       AssertionError: Цей тест завжди падає для демонстрації CI
E       assert False

tests/test_main.py:10: AssertionError</failure></testcase><testcase classname="tests.test_main" name="test_func_check_if_word_guessed" file="tests/test_main.py" line="11" time="0.005" /><testcase classname="tests.test_main.TestWordChoice" name="test_empty_list" file="tests/test_main.py" line="47" time="0.002" /><testcase classname="tests.test_main.TestWordChoice" name="test_word_in_list" file="tests/test_main.py" line="21" time="0.002" /><testcase classname="tests.test_main.TestWordChoice" name="test_word_is_string" file="tests/test_main.py" line="26" time="0.003" /><testcase classname="tests.test_main.TestWordChoice" name="test_word_length" file="tests/test_main.py" line="31" time="0.002" /><testcase classname="tests.test_main.TestWordChoice" name="test_word_not_empty" file="tests/test_main.py" line="42" time="0.009" /><testcase classname="tests.test_main.TestWordChoice" name="test_word_not_numeric" file="tests/test_main.py" line="37" time="0.003" /><testcase classname="tests.test_main.TestCheckLettersInWord" name="test_all_letters_guessed" file="tests/test_main.py" line="148" time="0.004" /><testcase classname="tests.test_main.TestCheckLettersInWord" name="test_empty_letters" file="tests/test_main.py" line="213" time="0.002" /><testcase classname="tests.test_main.TestCheckLettersInWord" name="test_empty_word" file="tests/test_main.py" line="198" time="0.004" /><testcase classname="tests.test_main.TestCheckLettersInWord" name="test_no_letters_guessed" file="tests/test_main.py" line="154" time="0.004" /><testcase classname="tests.test_main.TestCheckLettersInWord" name="test_repeated_letters" file="tests/test_main.py" line="162" time="0.007" /><testcase classname="tests.test_main.TestCheckLettersInWord" name="test_some_letters_guessed" file="tests/test_main.py" line="159" time="0.006" /><testcase classname="tests.test_main.TestCheckLettersInWord" name="test_user_entered_cyrillic_letter" file="tests/test_main.py" line="133" time="0.008" /><testcase classname="tests.test_main.TestCheckLettersInWord" name="test_valid_interface_arguments" file="tests/test_main.py" line="166" time="0.006" /><testcase classname="tests.test_main.TestCheckIfWordGuessed" name="test_extra_letters_guessed" file="tests/test_main.py" line="276" time="0.005" /><testcase classname="tests.test_main.TestCheckIfWordGuessed" name="test_no_letters_guessed" file="tests/test_main.py" line="269" time="0.009" /><testcase classname="tests.test_main.TestCheckIfWordGuessed" name="test_word_fully_guessed" file="tests/test_main.py" line="255" time="0.002" /><testcase classname="tests.test_main.TestCheckIfWordGuessed" name="test_word_partially_guessed" file="tests/test_main.py" line="262" time="0.004" /></testsuite></testsuites>